2025-04-28 23:54:01 - Перемещено в корзину: /home/detskiyded/PycharmProjects/SuperApp/data/UserFolders/ASDFGH
2025-04-29 17:17:35 - Перемещён элемент в корзину через Drag'n'Drop: '/media/detskiyded'
2025-05-01 19:20:06 - Введена команда в терминале: ping google.com
2025-05-01 19:22:43 - Введена команда в терминале: ls
2025-05-01 19:23:10 - Введена команда в терминале: traceroute
2025-05-01 19:23:33 - Введена команда в терминале: traceroute 192.168.0.1
2025-05-01 19:26:32 - Введена команда в терминале: tracepath 192.168.0.1
2025-05-01 19:46:55 - Подключено новое устройство: /media/detskiyded/WDO_MEDIA64
2025-05-01 19:47:01 - Отключено устройство: /media/detskiyded/WDO_MEDIA64
2025-05-01 19:48:11 - Введена команда в терминале: ping yandex.ru
2025-05-01 19:48:17 - Введена команда в терминале: ipconfig
2025-05-01 19:48:34 - Введена команда в терминале: tracepath 192.168.0.1
2025-05-01 19:48:50 - Введена команда в терминале: nslookup 192.168.0.1
2025-05-01 19:49:08 - Введена команда в терминале: nslookup yandex.ru
2025-05-01 19:50:14 - Введена команда в терминале: whoami
2025-05-01 19:50:19 - Введена команда в терминале: ls
2025-05-01 19:50:25 - Введена команда в терминале: cd System
2025-05-01 19:50:28 - Введена команда в терминале: cd /
2025-05-01 19:50:30 - Введена команда в терминале: ls
2025-05-01 19:50:38 - Введена команда в терминале: mkdir testdir
2025-05-01 19:50:41 - Введена команда в терминале: ls
2025-05-01 19:50:48 - Введена команда в терминале: rmdir testdir
2025-05-01 19:50:49 - Введена команда в терминале: ls
2025-05-01 19:51:01 - Введена команда в терминале: cat UserFolders
2025-05-01 19:51:07 - Введена команда в терминале: cd UserFolders
2025-05-01 19:51:08 - Введена команда в терминале: ls
2025-05-01 19:51:12 - Введена команда в терминале: cd testdir
2025-05-01 19:51:14 - Введена команда в терминале: ls
2025-05-01 19:51:19 - Введена команда в терминале: cat test.txt
2025-05-01 19:51:29 - Введена команда в терминале: help
2025-05-01 19:51:32 - Введена команда в терминале: cd /
2025-05-01 19:51:34 - Введена команда в терминале: ls
